# JRE version: OpenJDK Runtime Environment Temurin-17.0.1+12 (17.0.1+12) (build 17.0.1+12)
# Java VM: OpenJDK 64-Bit Server VM Temurin-17.0.1+12 (17.0.1+12, mixed mode, emulated-client, tiered, compressed oops, compressed class ptrs, g1 gc, windows-amd64)
GC Precious Log:
 CPUs: 6 total, 6 available
 Memory: 8015M
 Large Page Support: Disabled
 NUMA Support: Disabled
 Compressed Oops: Enabled (32-bit)
 Heap Region Size: 1M
 Heap Min Capacity: 8M
 Heap Initial Capacity: 126M
 Heap Max Capacity: 2004M
 Pre-touch: Disabled
 Parallel Workers: 6
 Concurrent Workers: 2
 Concurrent Refinement Workers: 6
 Periodic GC: Disabled
Heap:
 garbage-first heap   total 71680K, used 25014K [0x0000000082c00000, 0x0000000100000000)
  region size 1024K, 4 young (4096K), 4 survivors (4096K)
 Metaspace       used 60039K, committed 60416K, reserved 1105920K
  class space    used 8158K, committed 8320K, reserved 1048576K
GC Heap History (20 events):
Event: 2.638 GC heap after
{Heap after GC invocations=9 (full 0):
 garbage-first heap   total 46080K, used 11299K [0x0000000082c00000, 0x0000000100000000)
  region size 1024K, 2 young (2048K), 2 survivors (2048K)
 Metaspace       used 27001K, committed 27328K, reserved 1073152K
  class space    used 3227K, committed 3392K, reserved 1048576K
}
Event: 3.005 GC heap before
{Heap before GC invocations=9 (full 0):
 garbage-first heap   total 46080K, used 33827K [0x0000000082c00000, 0x0000000100000000)
  region size 1024K, 24 young (24576K), 2 survivors (2048K)
 Metaspace       used 29767K, committed 30016K, reserved 1081344K
  class space    used 3665K, committed 3776K, reserved 1048576K
}
Event: 3.010 GC heap after
{Heap after GC invocations=10 (full 0):
 garbage-first heap   total 46080K, used 12842K [0x0000000082c00000, 0x0000000100000000)
  region size 1024K, 3 young (3072K), 3 survivors (3072K)
 Metaspace       used 29767K, committed 30016K, reserved 1081344K
  class space    used 3665K, committed 3776K, reserved 1048576K
}
Event: 3.466 GC heap before
{Heap before GC invocations=10 (full 0):
 garbage-first heap   total 46080K, used 34346K [0x0000000082c00000, 0x0000000100000000)
  region size 1024K, 24 young (24576K), 3 survivors (3072K)
 Metaspace       used 33500K, committed 33856K, reserved 1081344K
  class space    used 4242K, committed 4416K, reserved 1048576K
}
Event: 3.473 GC heap after
{Heap after GC invocations=11 (full 0):
 garbage-first heap   total 46080K, used 15018K [0x0000000082c00000, 0x0000000100000000)
  region size 1024K, 3 young (3072K), 3 survivors (3072K)
 Metaspace       used 33500K, committed 33856K, reserved 1081344K
  class space    used 4242K, committed 4416K, reserved 1048576K
}
Event: 3.649 GC heap before
{Heap before GC invocations=11 (full 0):
 garbage-first heap   total 46080K, used 32426K [0x0000000082c00000, 0x0000000100000000)
  region size 1024K, 21 young (21504K), 3 survivors (3072K)
 Metaspace       used 34703K, committed 35072K, reserved 1081344K
  class space    used 4349K, committed 4544K, reserved 1048576K
}
Event: 3.654 GC heap after
{Heap after GC invocations=12 (full 0):
 garbage-first heap   total 46080K, used 15941K [0x0000000082c00000, 0x0000000100000000)
  region size 1024K, 1 young (1024K), 1 survivors (1024K)
 Metaspace       used 34703K, committed 35072K, reserved 1081344K
  class space    used 4349K, committed 4544K, reserved 1048576K
}
Event: 3.657 GC heap before
{Heap before GC invocations=12 (full 0):
 garbage-first heap   total 46080K, used 34373K [0x0000000082c00000, 0x0000000100000000)
  region size 1024K, 20 young (20480K), 1 survivors (1024K)
 Metaspace       used 34703K, committed 35072K, reserved 1081344K
  class space    used 4349K, committed 4544K, reserved 1048576K
}
Event: 3.660 GC heap after
{Heap after GC invocations=13 (full 0):
 garbage-first heap   total 91136K, used 15846K [0x0000000082c00000, 0x0000000100000000)
  region size 1024K, 1 young (1024K), 1 survivors (1024K)
 Metaspace       used 34703K, committed 35072K, reserved 1081344K
  class space    used 4349K, committed 4544K, reserved 1048576K
}
Event: 3.884 GC heap before
{Heap before GC invocations=13 (full 0):
 garbage-first heap   total 91136K, used 34278K [0x0000000082c00000, 0x0000000100000000)
  region size 1024K, 21 young (21504K), 1 survivors (1024K)
 Metaspace       used 35804K, committed 36160K, reserved 1081344K
  class space    used 4501K, committed 4672K, reserved 1048576K
}
Event: 3.886 GC heap after
{Heap after GC invocations=14 (full 0):
 garbage-first heap   total 91136K, used 16285K [0x0000000082c00000, 0x0000000100000000)
  region size 1024K, 2 young (2048K), 2 survivors (2048K)
 Metaspace       used 35804K, committed 36160K, reserved 1081344K
  class space    used 4501K, committed 4672K, reserved 1048576K
}
Event: 5.073 GC heap before
{Heap before GC invocations=15 (full 0):
 garbage-first heap   total 61440K, used 50077K [0x0000000082c00000, 0x0000000100000000)
  region size 1024K, 36 young (36864K), 2 survivors (2048K)
 Metaspace       used 45586K, committed 45952K, reserved 1089536K
  class space    used 6011K, committed 6144K, reserved 1048576K
}
Event: 5.076 GC heap after
{Heap after GC invocations=16 (full 0):
 garbage-first heap   total 61440K, used 18191K [0x0000000082c00000, 0x0000000100000000)
  region size 1024K, 4 young (4096K), 4 survivors (4096K)
 Metaspace       used 45586K, committed 45952K, reserved 1089536K
  class space    used 6011K, committed 6144K, reserved 1048576K
}
Event: 5.836 GC heap before
{Heap before GC invocations=16 (full 0):
 garbage-first heap   total 61440K, used 47887K [0x0000000082c00000, 0x0000000100000000)
  region size 1024K, 33 young (33792K), 4 survivors (4096K)
 Metaspace       used 52378K, committed 52864K, reserved 1097728K
  class space    used 7071K, committed 7296K, reserved 1048576K
}
Event: 5.840 GC heap after
{Heap after GC invocations=17 (full 0):
 garbage-first heap   total 61440K, used 20303K [0x0000000082c00000, 0x0000000100000000)
  region size 1024K, 5 young (5120K), 5 survivors (5120K)
 Metaspace       used 52378K, committed 52864K, reserved 1097728K
  class space    used 7071K, committed 7296K, reserved 1048576K
}
Event: 6.158 GC heap before
{Heap before GC invocations=17 (full 0):
 garbage-first heap   total 61440K, used 47951K [0x0000000082c00000, 0x0000000100000000)
  region size 1024K, 32 young (32768K), 5 survivors (5120K)
 Metaspace       used 55879K, committed 56256K, reserved 1105920K
  class space    used 7553K, committed 7744K, reserved 1048576K
}
Event: 6.161 GC heap after
{Heap after GC invocations=18 (full 0):
 garbage-first heap   total 61440K, used 22247K [0x0000000082c00000, 0x0000000100000000)
  region size 1024K, 3 young (3072K), 3 survivors (3072K)
 Metaspace       used 55879K, committed 56256K, reserved 1105920K
  class space    used 7553K, committed 7744K, reserved 1048576K
}
Event: 6.485 GC heap before
{Heap before GC invocations=18 (full 0):
 garbage-first heap   total 61440K, used 46823K [0x0000000082c00000, 0x0000000100000000)
  region size 1024K, 28 young (28672K), 3 survivors (3072K)
 Metaspace       used 59202K, committed 59584K, reserved 1105920K
  class space    used 8042K, committed 8192K, reserved 1048576K
}
Event: 6.489 GC heap after
{Heap after GC invocations=19 (full 0):
 garbage-first heap   total 61440K, used 23981K [0x0000000082c00000, 0x0000000100000000)
  region size 1024K, 4 young (4096K), 4 survivors (4096K)
 Metaspace       used 59202K, committed 59584K, reserved 1105920K
  class space    used 8042K, committed 8192K, reserved 1048576K
}
Event: 6.664 GC heap before
{Heap before GC invocations=19 (full 0):
 garbage-first heap   total 61440K, used 31149K [0x0000000082c00000, 0x0000000100000000)
  region size 1024K, 12 young (12288K), 4 survivors (4096K)
 Metaspace       used 60039K, committed 60416K, reserved 1105920K
  class space    used 8158K, committed 8320K, reserved 1048576K
}

